<!DOCTYPE suite SYSTEM "http://testng.org/testng-1.0.dtd" >
<suite name="OVFMANAGER basic unit tests" verbose="1">
    <test name="Basic unit tests">
        <packages>
            <package name="com.abiquo.ovfmanager.test.*" />
        </packages>
    </test>
</suite>