<!DOCTYPE suite SYSTEM "http://testng.org/testng-1.0.dtd" >
<suite name="TASK-SERVICE all unit tests" verbose="1">
    <test name="All unit tests">
        <packages>
            <package name="com.abiquo.abicloud.taskservice.*" />
        </packages>
    </test>
</suite>