<!DOCTYPE suite SYSTEM "http://testng.org/testng-1.0.dtd" >
<suite name="AIMSTUB basic unit tests" verbose="1">
    <test name="Basic unit tests" />
</suite>